INFO:     Started server process [44888]
INFO:     Waiting for application startup.
INFO:     Application startup complete.
INFO:     Uvicorn running on http://0.0.0.0:8505 (Press CTRL+C to quit)
INFO:__main__:WebSocket connection request
INFO:     100.69.99.99:64105 - "WebSocket /ws" [accepted]
INFO:__main__:WebSocket connected, total connections: 1
INFO:__main__:Event loop stored: <ProactorEventLoop running=True closed=False debug=False>
INFO:__main__:Message queue created
INFO:__main__:Queue processor started
INFO:     connection open
INFO:__main__:PnL Calculator request: 01.11.2025 - 31.12.2025
INFO:__main__:Adding background task...
INFO:     127.0.0.1:64175 - "POST /api/pnl-calculator/calculate HTTP/1.1" 200 OK
INFO:__main__:run_calculation: Starting...
INFO:__main__:log_callback: Đŕń÷¸ň PnL ń 2025-11-01 ďî 2025-12-31
INFO:__main__:broadcast_sync called: {"type": "log", "message": "\u0420\u0430\u0441\u0447\u0451\u0442 PnL \u0441 2025-11-01 \u043f\u043e 
INFO:__main__:broadcast_sync: Message put in queue
INFO:__main__:Broadcasting to 1 connections: {"type": "log", "message": "\u0420\u0430\u0441\u0447\u0451\u0442 PnL \u0441 2025-11-01 \u043f\u043e 
INFO:__main__:log_callback: \u2713 Đŕń÷¸ň PnL çŕâĺđř¸í
INFO:__main__:broadcast_sync called: {"type": "log", "message": "\u2713 \u0420\u0430\u0441\u0447\u0451\u0442 PnL \u0437\u0430\u0432\u0435
INFO:__main__:broadcast_sync: Message put in queue
INFO:__main__:log_callback:   Âńĺăî çŕďčńĺé: 61
INFO:__main__:broadcast_sync called: {"type": "log", "message": "  \u0412\u0441\u0435\u0433\u043e \u0437\u0430\u043f\u0438\u0441\u0435\u0
INFO:__main__:broadcast_sync: Message put in queue
INFO:__main__:log_callback:   Ęîěáî (T1\xd70.1 + T2\xd70.5) = 8,187,715.54
INFO:__main__:broadcast_sync called: {"type": "log", "message": "  \u041a\u043e\u043c\u0431\u043e (T1\u00d70.1 + T2\u00d70.5) = 8,187,715
INFO:__main__:broadcast_sync: Message put in queue
INFO:__main__:log_callback:   PnL ňčďŕ 1 = 49,265,063.42
INFO:__main__:broadcast_sync called: {"type": "log", "message": "  PnL \u0442\u0438\u043f\u0430 1 = 49,265,063.42", "level": "info", "tim
INFO:__main__:broadcast_sync: Message put in queue
INFO:__main__:log_callback:   PnL ňčďŕ 2 = 6,522,418.39
INFO:__main__:broadcast_sync called: {"type": "log", "message": "  PnL \u0442\u0438\u043f\u0430 2 = 6,522,418.39", "level": "info", "time
INFO:__main__:broadcast_sync: Message put in queue
INFO:__main__:log_callback:   PnL ňčďŕ 3 = 36,751,764.68
INFO:__main__:broadcast_sync called: {"type": "log", "message": "  PnL \u0442\u0438\u043f\u0430 3 = 36,751,764.68", "level": "info", "tim
INFO:__main__:broadcast_sync: Message put in queue
INFO:__main__:log_callback:   PnL ňčďŕ 4 = 40,323,723.57
INFO:__main__:broadcast_sync called: {"type": "log", "message": "  PnL \u0442\u0438\u043f\u0430 4 = 40,323,723.57", "level": "info", "tim
INFO:__main__:broadcast_sync: Message put in queue
INFO:__main__:log_callback:   PnL ňčďŕ 5 = 16,175,936.37
INFO:__main__:broadcast_sync called: {"type": "log", "message": "  PnL \u0442\u0438\u043f\u0430 5 = 16,175,936.37", "level": "info", "tim
INFO:__main__:broadcast_sync: Message put in queue
INFO:__main__:log_callback:   PnL ňčďŕ 6 = 34,030,297.19
INFO:__main__:broadcast_sync called: {"type": "log", "message": "  PnL \u0442\u0438\u043f\u0430 6 = 34,030,297.19", "level": "info", "tim
INFO:__main__:broadcast_sync: Message put in queue
INFO:__main__:run_calculation: Result: success
INFO:__main__:broadcast_sync called: {"type": "result", "result": {"status": "success", "message": "\u0420\u0430\u0441\u0447\u0451\u0442 
INFO:__main__:broadcast_sync: Message put in queue
INFO:__main__:Broadcasting to 1 connections: {"type": "log", "message": "\u2713 \u0420\u0430\u0441\u0447\u0451\u0442 PnL \u0437\u0430\u0432\u0435
INFO:__main__:Broadcasting to 1 connections: {"type": "log", "message": "  \u0412\u0441\u0435\u0433\u043e \u0437\u0430\u043f\u0438\u0441\u0435\u0
INFO:__main__:Broadcasting to 1 connections: {"type": "log", "message": "  \u041a\u043e\u043c\u0431\u043e (T1\u00d70.1 + T2\u00d70.5) = 8,187,715
INFO:__main__:Broadcasting to 1 connections: {"type": "log", "message": "  PnL \u0442\u0438\u043f\u0430 1 = 49,265,063.42", "level": "info", "tim
INFO:__main__:Broadcasting to 1 connections: {"type": "log", "message": "  PnL \u0442\u0438\u043f\u0430 2 = 6,522,418.39", "level": "info", "time
INFO:__main__:Broadcasting to 1 connections: {"type": "log", "message": "  PnL \u0442\u0438\u043f\u0430 3 = 36,751,764.68", "level": "info", "tim
INFO:__main__:Broadcasting to 1 connections: {"type": "log", "message": "  PnL \u0442\u0438\u043f\u0430 4 = 40,323,723.57", "level": "info", "tim
INFO:__main__:Broadcasting to 1 connections: {"type": "log", "message": "  PnL \u0442\u0438\u043f\u0430 5 = 16,175,936.37", "level": "info", "tim
INFO:__main__:Broadcasting to 1 connections: {"type": "log", "message": "  PnL \u0442\u0438\u043f\u0430 6 = 34,030,297.19", "level": "info", "tim
INFO:__main__:Broadcasting to 1 connections: {"type": "result", "result": {"status": "success", "message": "\u0420\u0430\u0441\u0447\u0451\u0442 
INFO:     100.69.99.99:64222 - "GET / HTTP/1.1" 200 OK
INFO:__main__:WebSocket disconnected
INFO:__main__:WebSocket disconnected, total connections: 0
INFO:     connection closed
INFO:__main__:WebSocket connection request
INFO:     100.69.99.99:64223 - "WebSocket /ws" [accepted]
INFO:__main__:WebSocket connected, total connections: 1
INFO:__main__:Event loop stored: <ProactorEventLoop running=True closed=False debug=False>
INFO:__main__:Message queue created
INFO:__main__:Queue processor started
INFO:     connection open
INFO:__main__:PnL Calculator request: 01.11.2025 - 31.12.2025
INFO:__main__:Adding background task...
INFO:     100.69.99.99:64273 - "POST /api/pnl-calculator/calculate HTTP/1.1" 200 OK
INFO:__main__:run_calculation: Starting...
INFO:__main__:log_callback: Đŕń÷¸ň PnL ń 2025-11-01 ďî 2025-12-31
INFO:__main__:broadcast_sync called: {"type": "log", "message": "\u0420\u0430\u0441\u0447\u0451\u0442 PnL \u0441 2025-11-01 \u043f\u043e 
INFO:__main__:broadcast_sync: Message put in queue
INFO:__main__:Broadcasting to 1 connections: {"type": "log", "message": "\u0420\u0430\u0441\u0447\u0451\u0442 PnL \u0441 2025-11-01 \u043f\u043e 
INFO:__main__:log_callback: \u2713 Đŕń÷¸ň PnL çŕâĺđř¸í
INFO:__main__:broadcast_sync called: {"type": "log", "message": "\u2713 \u0420\u0430\u0441\u0447\u0451\u0442 PnL \u0437\u0430\u0432\u0435
INFO:__main__:broadcast_sync: Message put in queue
INFO:__main__:log_callback:   Âńĺăî çŕďčńĺé: 61
INFO:__main__:broadcast_sync called: {"type": "log", "message": "  \u0412\u0441\u0435\u0433\u043e \u0437\u0430\u043f\u0438\u0441\u0435\u0
INFO:__main__:broadcast_sync: Message put in queue
INFO:__main__:log_callback:   Ęîěáî (T1\xd70.1 + T2\xd70.5) = 8,187,715.54
INFO:__main__:broadcast_sync called: {"type": "log", "message": "  \u041a\u043e\u043c\u0431\u043e (T1\u00d70.1 + T2\u00d70.5) = 8,187,715
INFO:__main__:broadcast_sync: Message put in queue
INFO:__main__:log_callback:   PnL ňčďŕ 1 = 49,265,063.42
INFO:__main__:broadcast_sync called: {"type": "log", "message": "  PnL \u0442\u0438\u043f\u0430 1 = 49,265,063.42", "level": "info", "tim
INFO:__main__:broadcast_sync: Message put in queue
INFO:__main__:log_callback:   PnL ňčďŕ 2 = 6,522,418.39
INFO:__main__:broadcast_sync called: {"type": "log", "message": "  PnL \u0442\u0438\u043f\u0430 2 = 6,522,418.39", "level": "info", "time
INFO:__main__:broadcast_sync: Message put in queue
INFO:__main__:log_callback:   PnL ňčďŕ 3 = 36,751,764.68
INFO:__main__:broadcast_sync called: {"type": "log", "message": "  PnL \u0442\u0438\u043f\u0430 3 = 36,751,764.68", "level": "info", "tim
INFO:__main__:broadcast_sync: Message put in queue
INFO:__main__:log_callback:   PnL ňčďŕ 4 = 40,323,723.57
INFO:__main__:broadcast_sync called: {"type": "log", "message": "  PnL \u0442\u0438\u043f\u0430 4 = 40,323,723.57", "level": "info", "tim
INFO:__main__:broadcast_sync: Message put in queue
INFO:__main__:log_callback:   PnL ňčďŕ 5 = 16,175,936.37
INFO:__main__:broadcast_sync called: {"type": "log", "message": "  PnL \u0442\u0438\u043f\u0430 5 = 16,175,936.37", "level": "info", "tim
INFO:__main__:broadcast_sync: Message put in queue
INFO:__main__:log_callback:   PnL ňčďŕ 6 = 34,030,297.19
INFO:__main__:broadcast_sync called: {"type": "log", "message": "  PnL \u0442\u0438\u043f\u0430 6 = 34,030,297.19", "level": "info", "tim
INFO:__main__:broadcast_sync: Message put in queue
INFO:__main__:run_calculation: Result: success
INFO:__main__:broadcast_sync called: {"type": "result", "result": {"status": "success", "message": "\u0420\u0430\u0441\u0447\u0451\u0442 
INFO:__main__:broadcast_sync: Message put in queue
INFO:__main__:Broadcasting to 1 connections: {"type": "log", "message": "\u2713 \u0420\u0430\u0441\u0447\u0451\u0442 PnL \u0437\u0430\u0432\u0435
INFO:__main__:Broadcasting to 1 connections: {"type": "log", "message": "  \u0412\u0441\u0435\u0433\u043e \u0437\u0430\u043f\u0438\u0441\u0435\u0
INFO:__main__:Broadcasting to 1 connections: {"type": "log", "message": "  \u041a\u043e\u043c\u0431\u043e (T1\u00d70.1 + T2\u00d70.5) = 8,187,715
INFO:__main__:Broadcasting to 1 connections: {"type": "log", "message": "  PnL \u0442\u0438\u043f\u0430 1 = 49,265,063.42", "level": "info", "tim
INFO:__main__:Broadcasting to 1 connections: {"type": "log", "message": "  PnL \u0442\u0438\u043f\u0430 2 = 6,522,418.39", "level": "info", "time
INFO:__main__:Broadcasting to 1 connections: {"type": "log", "message": "  PnL \u0442\u0438\u043f\u0430 3 = 36,751,764.68", "level": "info", "tim
INFO:__main__:Broadcasting to 1 connections: {"type": "log", "message": "  PnL \u0442\u0438\u043f\u0430 4 = 40,323,723.57", "level": "info", "tim
INFO:__main__:Broadcasting to 1 connections: {"type": "log", "message": "  PnL \u0442\u0438\u043f\u0430 5 = 16,175,936.37", "level": "info", "tim
INFO:__main__:Broadcasting to 1 connections: {"type": "log", "message": "  PnL \u0442\u0438\u043f\u0430 6 = 34,030,297.19", "level": "info", "tim
INFO:__main__:Broadcasting to 1 connections: {"type": "result", "result": {"status": "success", "message": "\u0420\u0430\u0441\u0447\u0451\u0442 
INFO:     100.69.99.99:53634 - "GET / HTTP/1.1" 200 OK
INFO:__main__:WebSocket disconnected
INFO:__main__:WebSocket disconnected, total connections: 0
INFO:     connection closed
INFO:     100.69.99.99:53634 - "GET /static/style.css HTTP/1.1" 200 OK
INFO:     100.69.99.99:53635 - "GET /static/app.js HTTP/1.1" 200 OK
INFO:__main__:WebSocket connection request
INFO:     100.69.99.99:53636 - "WebSocket /ws" [accepted]
INFO:__main__:WebSocket connected, total connections: 1
INFO:__main__:Event loop stored: <ProactorEventLoop running=True closed=False debug=False>
INFO:__main__:Message queue created
INFO:__main__:Queue processor started
INFO:     connection open
INFO:     100.69.99.99:53635 - "GET /favicon.ico HTTP/1.1" 404 Not Found
INFO:__main__:PnL Calculator request: 2026-02-05 - 2026-02-12
INFO:__main__:Adding background task...
INFO:     100.69.99.99:53814 - "POST /api/pnl-calculator/calculate HTTP/1.1" 200 OK
INFO:__main__:run_calculation: Starting...
INFO:__main__:log_callback: Îřčáęŕ: time data '2026-02-05' does not match format '%d.%m.%Y'
INFO:__main__:broadcast_sync called: {"type": "log", "message": "\u041e\u0448\u0438\u0431\u043a\u0430: time data '2026-02-05' does not ma
INFO:__main__:broadcast_sync: Message put in queue
INFO:__main__:run_calculation: Result: error
INFO:__main__:broadcast_sync called: {"type": "result", "result": {"status": "error", "message": "time data '2026-02-05' does not match f
INFO:__main__:broadcast_sync: Message put in queue
INFO:__main__:Broadcasting to 1 connections: {"type": "log", "message": "\u041e\u0448\u0438\u0431\u043a\u0430: time data '2026-02-05' does not ma
INFO:__main__:Broadcasting to 1 connections: {"type": "result", "result": {"status": "error", "message": "time data '2026-02-05' does not match f
INFO:__main__:PnL Calculator request: 01.11.2025 - 31.12.2025
INFO:__main__:Adding background task...
INFO:     100.69.99.99:53840 - "POST /api/pnl-calculator/calculate HTTP/1.1" 200 OK
INFO:__main__:run_calculation: Starting...
INFO:__main__:log_callback: Đŕń÷¸ň PnL ń 2025-11-01 ďî 2025-12-31
INFO:__main__:broadcast_sync called: {"type": "log", "message": "\u0420\u0430\u0441\u0447\u0451\u0442 PnL \u0441 2025-11-01 \u043f\u043e 
INFO:__main__:broadcast_sync: Message put in queue
INFO:__main__:Broadcasting to 1 connections: {"type": "log", "message": "\u0420\u0430\u0441\u0447\u0451\u0442 PnL \u0441 2025-11-01 \u043f\u043e 
INFO:__main__:log_callback: \u2713 Đŕń÷¸ň PnL çŕâĺđř¸í
INFO:__main__:broadcast_sync called: {"type": "log", "message": "\u2713 \u0420\u0430\u0441\u0447\u0451\u0442 PnL \u0437\u0430\u0432\u0435
INFO:__main__:broadcast_sync: Message put in queue
INFO:__main__:log_callback:   Âńĺăî çŕďčńĺé: 61
INFO:__main__:broadcast_sync called: {"type": "log", "message": "  \u0412\u0441\u0435\u0433\u043e \u0437\u0430\u043f\u0438\u0441\u0435\u0
INFO:__main__:broadcast_sync: Message put in queue
INFO:__main__:log_callback:   Ęîěáî (T1\xd70.1 + T2\xd70.5) = 8,187,715.54
INFO:__main__:broadcast_sync called: {"type": "log", "message": "  \u041a\u043e\u043c\u0431\u043e (T1\u00d70.1 + T2\u00d70.5) = 8,187,715
INFO:__main__:broadcast_sync: Message put in queue
INFO:__main__:log_callback:   PnL ňčďŕ 1 = 49,265,063.42
INFO:__main__:broadcast_sync called: {"type": "log", "message": "  PnL \u0442\u0438\u043f\u0430 1 = 49,265,063.42", "level": "info", "tim
INFO:__main__:broadcast_sync: Message put in queue
INFO:__main__:log_callback:   PnL ňčďŕ 2 = 6,522,418.39
INFO:__main__:broadcast_sync called: {"type": "log", "message": "  PnL \u0442\u0438\u043f\u0430 2 = 6,522,418.39", "level": "info", "time
INFO:__main__:broadcast_sync: Message put in queue
INFO:__main__:log_callback:   PnL ňčďŕ 3 = 36,751,764.68
INFO:__main__:broadcast_sync called: {"type": "log", "message": "  PnL \u0442\u0438\u043f\u0430 3 = 36,751,764.68", "level": "info", "tim
INFO:__main__:broadcast_sync: Message put in queue
INFO:__main__:log_callback:   PnL ňčďŕ 4 = 40,323,723.57
INFO:__main__:broadcast_sync called: {"type": "log", "message": "  PnL \u0442\u0438\u043f\u0430 4 = 40,323,723.57", "level": "info", "tim
INFO:__main__:broadcast_sync: Message put in queue
INFO:__main__:log_callback:   PnL ňčďŕ 5 = 16,175,936.37
INFO:__main__:broadcast_sync called: {"type": "log", "message": "  PnL \u0442\u0438\u043f\u0430 5 = 16,175,936.37", "level": "info", "tim
INFO:__main__:broadcast_sync: Message put in queue
INFO:__main__:log_callback:   PnL ňčďŕ 6 = 34,030,297.19
INFO:__main__:broadcast_sync called: {"type": "log", "message": "  PnL \u0442\u0438\u043f\u0430 6 = 34,030,297.19", "level": "info", "tim
INFO:__main__:broadcast_sync: Message put in queue
INFO:__main__:run_calculation: Result: success
INFO:__main__:broadcast_sync called: {"type": "result", "result": {"status": "success", "message": "\u0420\u0430\u0441\u0447\u0451\u0442 
INFO:__main__:broadcast_sync: Message put in queue
INFO:__main__:Broadcasting to 1 connections: {"type": "log", "message": "\u2713 \u0420\u0430\u0441\u0447\u0451\u0442 PnL \u0437\u0430\u0432\u0435
INFO:__main__:Broadcasting to 1 connections: {"type": "log", "message": "  \u0412\u0441\u0435\u0433\u043e \u0437\u0430\u043f\u0438\u0441\u0435\u0
INFO:__main__:Broadcasting to 1 connections: {"type": "log", "message": "  \u041a\u043e\u043c\u0431\u043e (T1\u00d70.1 + T2\u00d70.5) = 8,187,715
INFO:__main__:Broadcasting to 1 connections: {"type": "log", "message": "  PnL \u0442\u0438\u043f\u0430 1 = 49,265,063.42", "level": "info", "tim
INFO:__main__:Broadcasting to 1 connections: {"type": "log", "message": "  PnL \u0442\u0438\u043f\u0430 2 = 6,522,418.39", "level": "info", "time
INFO:__main__:Broadcasting to 1 connections: {"type": "log", "message": "  PnL \u0442\u0438\u043f\u0430 3 = 36,751,764.68", "level": "info", "tim
INFO:__main__:Broadcasting to 1 connections: {"type": "log", "message": "  PnL \u0442\u0438\u043f\u0430 4 = 40,323,723.57", "level": "info", "tim
INFO:__main__:Broadcasting to 1 connections: {"type": "log", "message": "  PnL \u0442\u0438\u043f\u0430 5 = 16,175,936.37", "level": "info", "tim
INFO:__main__:Broadcasting to 1 connections: {"type": "log", "message": "  PnL \u0442\u0438\u043f\u0430 6 = 34,030,297.19", "level": "info", "tim
INFO:__main__:Broadcasting to 1 connections: {"type": "result", "result": {"status": "success", "message": "\u0420\u0430\u0441\u0447\u0451\u0442 
